ARM GAS  C:\Users\andre\AppData\Local\Temp\ccpiXrJg.s 			page 1


   1              		.syntax unified
   2              		.cpu cortex-m3
   3              		.fpu softvfp
   4              		.eabi_attribute 20, 1
   5              		.eabi_attribute 21, 1
   6              		.eabi_attribute 23, 3
   7              		.eabi_attribute 24, 1
   8              		.eabi_attribute 25, 1
   9              		.eabi_attribute 26, 1
  10              		.eabi_attribute 30, 1
  11              		.eabi_attribute 34, 1
  12              		.eabi_attribute 18, 4
  13              		.thumb
  14              		.syntax unified
  15              		.file	"cymetadata.c"
  16              		.text
  17              	.Ltext0:
  18              		.cfi_sections	.debug_frame
  19              		.global	cy_metadata
  20              		.global	cy_meta_flashprotect
  21              		.global	cy_meta_wonvl
  22              		.global	cy_meta_custnvl
  23              		.global	cy_meta_configecc
  24              		.section	.cyconfigecc,"a",%progbits
  25              		.align	2
  26              		.type	cy_meta_configecc, %object
  27              		.size	cy_meta_configecc, 908
  28              	cy_meta_configecc:
  29 0000 02       		.byte	2
  30 0001 4F       		.byte	79
  31 0002 00       		.byte	0
  32 0003 40       		.byte	64
  33 0004 04       		.byte	4
  34 0005 52       		.byte	82
  35 0006 00       		.byte	0
  36 0007 40       		.byte	64
  37 0008 02       		.byte	2
  38 0009 64       		.byte	100
  39 000a 00       		.byte	0
  40 000b 40       		.byte	64
  41 000c 5D       		.byte	93
  42 000d 00       		.byte	0
  43 000e 01       		.byte	1
  44 000f 40       		.byte	64
  45 0010 33       		.byte	51
  46 0011 01       		.byte	1
  47 0012 01       		.byte	1
  48 0013 40       		.byte	64
  49 0014 04       		.byte	4
  50 0015 02       		.byte	2
  51 0016 01       		.byte	1
  52 0017 40       		.byte	64
  53 0018 3D       		.byte	61
  54 0019 03       		.byte	3
  55 001a 01       		.byte	1
  56 001b 40       		.byte	64
  57 001c 03       		.byte	3
ARM GAS  C:\Users\andre\AppData\Local\Temp\ccpiXrJg.s 			page 2


  58 001d 05       		.byte	5
  59 001e 01       		.byte	1
  60 001f 40       		.byte	64
  61 0020 01       		.byte	1
  62 0021 0B       		.byte	11
  63 0022 01       		.byte	1
  64 0023 40       		.byte	64
  65 0024 01       		.byte	1
  66 0025 0F       		.byte	15
  67 0026 01       		.byte	1
  68 0027 40       		.byte	64
  69 0028 04       		.byte	4
  70 0029 15       		.byte	21
  71 002a 01       		.byte	1
  72 002b 40       		.byte	64
  73 002c 01       		.byte	1
  74 002d 17       		.byte	23
  75 002e 01       		.byte	1
  76 002f 40       		.byte	64
  77 0030 01       		.byte	1
  78 0031 19       		.byte	25
  79 0032 01       		.byte	1
  80 0033 40       		.byte	64
  81 0034 04       		.byte	4
  82 0035 1B       		.byte	27
  83 0036 01       		.byte	1
  84 0037 40       		.byte	64
  85 0038 05       		.byte	5
  86 0039 40       		.byte	64
  87 003a 01       		.byte	1
  88 003b 40       		.byte	64
  89 003c 0B       		.byte	11
  90 003d 41       		.byte	65
  91 003e 01       		.byte	1
  92 003f 40       		.byte	64
  93 0040 0A       		.byte	10
  94 0041 42       		.byte	66
  95 0042 01       		.byte	1
  96 0043 40       		.byte	64
  97 0044 01       		.byte	1
  98 0045 43       		.byte	67
  99 0046 01       		.byte	1
 100 0047 40       		.byte	64
 101 0048 04       		.byte	4
 102 0049 44       		.byte	68
 103 004a 01       		.byte	1
 104 004b 40       		.byte	64
 105 004c 02       		.byte	2
 106 004d 45       		.byte	69
 107 004e 01       		.byte	1
 108 004f 40       		.byte	64
 109 0050 04       		.byte	4
 110 0051 46       		.byte	70
 111 0052 01       		.byte	1
 112 0053 40       		.byte	64
 113 0054 01       		.byte	1
 114 0055 47       		.byte	71
ARM GAS  C:\Users\andre\AppData\Local\Temp\ccpiXrJg.s 			page 3


 115 0056 01       		.byte	1
 116 0057 40       		.byte	64
 117 0058 06       		.byte	6
 118 0059 48       		.byte	72
 119 005a 01       		.byte	1
 120 005b 40       		.byte	64
 121 005c 10       		.byte	16
 122 005d 49       		.byte	73
 123 005e 01       		.byte	1
 124 005f 40       		.byte	64
 125 0060 0A       		.byte	10
 126 0061 4C       		.byte	76
 127 0062 01       		.byte	1
 128 0063 40       		.byte	64
 129 0064 07       		.byte	7
 130 0065 4D       		.byte	77
 131 0066 01       		.byte	1
 132 0067 40       		.byte	64
 133 0068 02       		.byte	2
 134 0069 50       		.byte	80
 135 006a 01       		.byte	1
 136 006b 40       		.byte	64
 137 006c 02       		.byte	2
 138 006d 51       		.byte	81
 139 006e 01       		.byte	1
 140 006f 40       		.byte	64
 141 0070 01       		.byte	1
 142 0071 80       		.byte	-128
 143 0072 0A       		.byte	10
 144 0073 4B       		.byte	75
 145 0074 00       		.byte	0
 146 0075 C0       		.byte	-64
 147 0076 01       		.byte	1
 148 0077 80       		.byte	-128
 149 0078 60       		.byte	96
 150 0079 02       		.byte	2
 151 007a 64       		.byte	100
 152 007b 03       		.byte	3
 153 007c 81       		.byte	-127
 154 007d 0D       		.byte	13
 155 007e 83       		.byte	-125
 156 007f 0F       		.byte	15
 157 0080 00       		.byte	0
 158 0081 8D       		.byte	-115
 159 0082 05       		.byte	5
 160 0083 02       		.byte	2
 161 0084 07       		.byte	7
 162 0085 0D       		.byte	13
 163 0086 09       		.byte	9
 164 0087 20       		.byte	32
 165 0088 0A       		.byte	10
 166 0089 80       		.byte	-128
 167 008a 0C       		.byte	12
 168 008b 0D       		.byte	13
 169 008c 0E       		.byte	14
 170 008d 80       		.byte	-128
 171 008e 10       		.byte	16
ARM GAS  C:\Users\andre\AppData\Local\Temp\ccpiXrJg.s 			page 4


 172 008f 42       		.byte	66
 173 0090 12       		.byte	18
 174 0091 08       		.byte	8
 175 0092 14       		.byte	20
 176 0093 62       		.byte	98
 177 0094 15       		.byte	21
 178 0095 05       		.byte	5
 179 0096 16       		.byte	22
 180 0097 14       		.byte	20
 181 0098 17       		.byte	23
 182 0099 3A       		.byte	58
 183 009a 18       		.byte	24
 184 009b 02       		.byte	2
 185 009c 1A       		.byte	26
 186 009d 0D       		.byte	13
 187 009e 1C       		.byte	28
 188 009f 8D       		.byte	-115
 189 00a0 1D       		.byte	29
 190 00a1 13       		.byte	19
 191 00a2 1F       		.byte	31
 192 00a3 0C       		.byte	12
 193 00a4 20       		.byte	32
 194 00a5 11       		.byte	17
 195 00a6 22       		.byte	34
 196 00a7 22       		.byte	34
 197 00a8 24       		.byte	36
 198 00a9 8D       		.byte	-115
 199 00aa 28       		.byte	40
 200 00ab 8D       		.byte	-115
 201 00ac 2C       		.byte	44
 202 00ad 40       		.byte	64
 203 00ae 2D       		.byte	45
 204 00af 09       		.byte	9
 205 00b0 2F       		.byte	47
 206 00b1 36       		.byte	54
 207 00b2 30       		.byte	48
 208 00b3 70       		.byte	112
 209 00b4 32       		.byte	50
 210 00b5 80       		.byte	-128
 211 00b6 33       		.byte	51
 212 00b7 30       		.byte	48
 213 00b8 34       		.byte	52
 214 00b9 0F       		.byte	15
 215 00ba 35       		.byte	53
 216 00bb 0F       		.byte	15
 217 00bc 38       		.byte	56
 218 00bd 80       		.byte	-128
 219 00be 39       		.byte	57
 220 00bf 08       		.byte	8
 221 00c0 3A       		.byte	58
 222 00c1 22       		.byte	34
 223 00c2 3B       		.byte	59
 224 00c3 20       		.byte	32
 225 00c4 3E       		.byte	62
 226 00c5 44       		.byte	68
 227 00c6 54       		.byte	84
 228 00c7 40       		.byte	64
ARM GAS  C:\Users\andre\AppData\Local\Temp\ccpiXrJg.s 			page 5


 229 00c8 58       		.byte	88
 230 00c9 04       		.byte	4
 231 00ca 59       		.byte	89
 232 00cb 04       		.byte	4
 233 00cc 5B       		.byte	91
 234 00cd 04       		.byte	4
 235 00ce 5C       		.byte	92
 236 00cf 22       		.byte	34
 237 00d0 5D       		.byte	93
 238 00d1 20       		.byte	32
 239 00d2 5F       		.byte	95
 240 00d3 01       		.byte	1
 241 00d4 90       		.byte	-112
 242 00d5 0E       		.byte	14
 243 00d6 91       		.byte	-111
 244 00d7 01       		.byte	1
 245 00d8 94       		.byte	-108
 246 00d9 05       		.byte	5
 247 00da 96       		.byte	-106
 248 00db 0A       		.byte	10
 249 00dc 97       		.byte	-105
 250 00dd 08       		.byte	8
 251 00de 9A       		.byte	-102
 252 00df 10       		.byte	16
 253 00e0 9C       		.byte	-100
 254 00e1 04       		.byte	4
 255 00e2 9E       		.byte	-98
 256 00e3 09       		.byte	9
 257 00e4 A3       		.byte	-93
 258 00e5 0D       		.byte	13
 259 00e6 A6       		.byte	-90
 260 00e7 10       		.byte	16
 261 00e8 AC       		.byte	-84
 262 00e9 03       		.byte	3
 263 00ea AE       		.byte	-82
 264 00eb 04       		.byte	4
 265 00ec AF       		.byte	-81
 266 00ed 02       		.byte	2
 267 00ee B0       		.byte	-80
 268 00ef 0F       		.byte	15
 269 00f0 B1       		.byte	-79
 270 00f1 01       		.byte	1
 271 00f2 B3       		.byte	-77
 272 00f3 08       		.byte	8
 273 00f4 B4       		.byte	-76
 274 00f5 10       		.byte	16
 275 00f6 B5       		.byte	-75
 276 00f7 02       		.byte	2
 277 00f8 B7       		.byte	-73
 278 00f9 04       		.byte	4
 279 00fa B8       		.byte	-72
 280 00fb 02       		.byte	2
 281 00fc BE       		.byte	-66
 282 00fd 10       		.byte	16
 283 00fe C0       		.byte	-64
 284 00ff 30       		.byte	48
 285 0100 C1       		.byte	-63
ARM GAS  C:\Users\andre\AppData\Local\Temp\ccpiXrJg.s 			page 6


 286 0101 04       		.byte	4
 287 0102 C5       		.byte	-59
 288 0103 D2       		.byte	-46
 289 0104 C6       		.byte	-58
 290 0105 02       		.byte	2
 291 0106 C7       		.byte	-57
 292 0107 10       		.byte	16
 293 0108 C8       		.byte	-56
 294 0109 27       		.byte	39
 295 010a C9       		.byte	-55
 296 010b FF       		.byte	-1
 297 010c CA       		.byte	-54
 298 010d FF       		.byte	-1
 299 010e CB       		.byte	-53
 300 010f FF       		.byte	-1
 301 0110 CD       		.byte	-51
 302 0111 A0       		.byte	-96
 303 0112 CF       		.byte	-49
 304 0113 04       		.byte	4
 305 0114 D0       		.byte	-48
 306 0115 18       		.byte	24
 307 0116 D2       		.byte	-46
 308 0117 80       		.byte	-128
 309 0118 D4       		.byte	-44
 310 0119 05       		.byte	5
 311 011a D8       		.byte	-40
 312 011b 04       		.byte	4
 313 011c D9       		.byte	-39
 314 011d 04       		.byte	4
 315 011e DA       		.byte	-38
 316 011f 04       		.byte	4
 317 0120 DB       		.byte	-37
 318 0121 04       		.byte	4
 319 0122 DC       		.byte	-36
 320 0123 12       		.byte	18
 321 0124 DD       		.byte	-35
 322 0125 11       		.byte	17
 323 0126 DF       		.byte	-33
 324 0127 01       		.byte	1
 325 0128 E0       		.byte	-32
 326 0129 40       		.byte	64
 327 012a E2       		.byte	-30
 328 012b C0       		.byte	-64
 329 012c E4       		.byte	-28
 330 012d 40       		.byte	64
 331 012e E5       		.byte	-27
 332 012f 40       		.byte	64
 333 0130 E6       		.byte	-26
 334 0131 C0       		.byte	-64
 335 0132 E8       		.byte	-24
 336 0133 C0       		.byte	-64
 337 0134 EA       		.byte	-22
 338 0135 C0       		.byte	-64
 339 0136 EC       		.byte	-20
 340 0137 C0       		.byte	-64
 341 0138 EE       		.byte	-18
 342 0139 C0       		.byte	-64
ARM GAS  C:\Users\andre\AppData\Local\Temp\ccpiXrJg.s 			page 7


 343 013a 01       		.byte	1
 344 013b 41       		.byte	65
 345 013c 02       		.byte	2
 346 013d 04       		.byte	4
 347 013e 03       		.byte	3
 348 013f 08       		.byte	8
 349 0140 09       		.byte	9
 350 0141 08       		.byte	8
 351 0142 0A       		.byte	10
 352 0143 45       		.byte	69
 353 0144 0D       		.byte	13
 354 0145 08       		.byte	8
 355 0146 0E       		.byte	14
 356 0147 80       		.byte	-128
 357 0148 0F       		.byte	15
 358 0149 0A       		.byte	10
 359 014a 10       		.byte	16
 360 014b 28       		.byte	40
 361 014c 12       		.byte	18
 362 014d 81       		.byte	-127
 363 014e 15       		.byte	21
 364 014f 80       		.byte	-128
 365 0150 17       		.byte	23
 366 0151 08       		.byte	8
 367 0152 19       		.byte	25
 368 0153 04       		.byte	4
 369 0154 1A       		.byte	26
 370 0155 44       		.byte	68
 371 0156 1B       		.byte	27
 372 0157 83       		.byte	-125
 373 0158 1E       		.byte	30
 374 0159 88       		.byte	-120
 375 015a 20       		.byte	32
 376 015b 04       		.byte	4
 377 015c 23       		.byte	35
 378 015d 10       		.byte	16
 379 015e 26       		.byte	38
 380 015f 08       		.byte	8
 381 0160 27       		.byte	39
 382 0161 8A       		.byte	-118
 383 0162 2B       		.byte	43
 384 0163 02       		.byte	2
 385 0164 2E       		.byte	46
 386 0165 82       		.byte	-126
 387 0166 31       		.byte	49
 388 0167 08       		.byte	8
 389 0168 32       		.byte	50
 390 0169 80       		.byte	-128
 391 016a 37       		.byte	55
 392 016b 0A       		.byte	10
 393 016c 38       		.byte	56
 394 016d 04       		.byte	4
 395 016e 3B       		.byte	59
 396 016f 10       		.byte	16
 397 0170 46       		.byte	70
 398 0171 40       		.byte	64
 399 0172 47       		.byte	71
ARM GAS  C:\Users\andre\AppData\Local\Temp\ccpiXrJg.s 			page 8


 400 0173 08       		.byte	8
 401 0174 4D       		.byte	77
 402 0175 02       		.byte	2
 403 0176 4F       		.byte	79
 404 0177 08       		.byte	8
 405 0178 56       		.byte	86
 406 0179 42       		.byte	66
 407 017a 5D       		.byte	93
 408 017b 02       		.byte	2
 409 017c 5E       		.byte	94
 410 017d 08       		.byte	8
 411 017e 5F       		.byte	95
 412 017f 80       		.byte	-128
 413 0180 60       		.byte	96
 414 0181 02       		.byte	2
 415 0182 61       		.byte	97
 416 0183 04       		.byte	4
 417 0184 62       		.byte	98
 418 0185 20       		.byte	32
 419 0186 76       		.byte	118
 420 0187 80       		.byte	-128
 421 0188 82       		.byte	-126
 422 0189 08       		.byte	8
 423 018a 8B       		.byte	-117
 424 018b 80       		.byte	-128
 425 018c C0       		.byte	-64
 426 018d 0B       		.byte	11
 427 018e C2       		.byte	-62
 428 018f FF       		.byte	-1
 429 0190 C4       		.byte	-60
 430 0191 AF       		.byte	-81
 431 0192 CA       		.byte	-54
 432 0193 98       		.byte	-104
 433 0194 CC       		.byte	-52
 434 0195 CA       		.byte	-54
 435 0196 CE       		.byte	-50
 436 0197 06       		.byte	6
 437 0198 D0       		.byte	-48
 438 0199 C0       		.byte	-64
 439 019a D6       		.byte	-42
 440 019b D0       		.byte	-48
 441 019c D8       		.byte	-40
 442 019d 0E       		.byte	14
 443 019e E2       		.byte	-30
 444 019f 80       		.byte	-128
 445 01a0 54       		.byte	84
 446 01a1 09       		.byte	9
 447 01a2 5B       		.byte	91
 448 01a3 04       		.byte	4
 449 01a4 5D       		.byte	93
 450 01a5 20       		.byte	32
 451 01a6 5F       		.byte	95
 452 01a7 01       		.byte	1
 453 01a8 00       		.byte	0
 454 01a9 08       		.byte	8
 455 01aa 01       		.byte	1
 456 01ab 21       		.byte	33
ARM GAS  C:\Users\andre\AppData\Local\Temp\ccpiXrJg.s 			page 9


 457 01ac 02       		.byte	2
 458 01ad 40       		.byte	64
 459 01ae 03       		.byte	3
 460 01af 02       		.byte	2
 461 01b0 09       		.byte	9
 462 01b1 08       		.byte	8
 463 01b2 0B       		.byte	11
 464 01b3 81       		.byte	-127
 465 01b4 10       		.byte	16
 466 01b5 28       		.byte	40
 467 01b6 11       		.byte	17
 468 01b7 40       		.byte	64
 469 01b8 12       		.byte	18
 470 01b9 80       		.byte	-128
 471 01ba 18       		.byte	24
 472 01bb 01       		.byte	1
 473 01bc 19       		.byte	25
 474 01bd 24       		.byte	36
 475 01be 1A       		.byte	26
 476 01bf 40       		.byte	64
 477 01c0 1B       		.byte	27
 478 01c1 80       		.byte	-128
 479 01c2 20       		.byte	32
 480 01c3 0A       		.byte	10
 481 01c4 21       		.byte	33
 482 01c5 5C       		.byte	92
 483 01c6 22       		.byte	34
 484 01c7 80       		.byte	-128
 485 01c8 2A       		.byte	42
 486 01c9 42       		.byte	66
 487 01ca 30       		.byte	48
 488 01cb 28       		.byte	40
 489 01cc 32       		.byte	50
 490 01cd 80       		.byte	-128
 491 01ce 33       		.byte	51
 492 01cf 02       		.byte	2
 493 01d0 39       		.byte	57
 494 01d1 68       		.byte	104
 495 01d2 3A       		.byte	58
 496 01d3 01       		.byte	1
 497 01d4 40       		.byte	64
 498 01d5 08       		.byte	8
 499 01d6 41       		.byte	65
 500 01d7 08       		.byte	8
 501 01d8 43       		.byte	67
 502 01d9 82       		.byte	-126
 503 01da 48       		.byte	72
 504 01db 01       		.byte	1
 505 01dc 49       		.byte	73
 506 01dd 08       		.byte	8
 507 01de 52       		.byte	82
 508 01df 27       		.byte	39
 509 01e0 53       		.byte	83
 510 01e1 40       		.byte	64
 511 01e2 5C       		.byte	92
 512 01e3 01       		.byte	1
 513 01e4 5D       		.byte	93
ARM GAS  C:\Users\andre\AppData\Local\Temp\ccpiXrJg.s 			page 10


 514 01e5 08       		.byte	8
 515 01e6 5E       		.byte	94
 516 01e7 50       		.byte	80
 517 01e8 60       		.byte	96
 518 01e9 04       		.byte	4
 519 01ea 64       		.byte	100
 520 01eb 02       		.byte	2
 521 01ec 68       		.byte	104
 522 01ed 28       		.byte	40
 523 01ee 69       		.byte	105
 524 01ef 41       		.byte	65
 525 01f0 72       		.byte	114
 526 01f1 03       		.byte	3
 527 01f2 73       		.byte	115
 528 01f3 01       		.byte	1
 529 01f4 8C       		.byte	-116
 530 01f5 02       		.byte	2
 531 01f6 8D       		.byte	-115
 532 01f7 04       		.byte	4
 533 01f8 90       		.byte	-112
 534 01f9 04       		.byte	4
 535 01fa 95       		.byte	-107
 536 01fb C1       		.byte	-63
 537 01fc 96       		.byte	-106
 538 01fd 01       		.byte	1
 539 01fe 9E       		.byte	-98
 540 01ff 05       		.byte	5
 541 0200 A3       		.byte	-93
 542 0201 02       		.byte	2
 543 0202 A4       		.byte	-92
 544 0203 28       		.byte	40
 545 0204 A5       		.byte	-91
 546 0205 08       		.byte	8
 547 0206 A6       		.byte	-90
 548 0207 A0       		.byte	-96
 549 0208 B0       		.byte	-80
 550 0209 02       		.byte	2
 551 020a B3       		.byte	-77
 552 020b 18       		.byte	24
 553 020c C0       		.byte	-64
 554 020d 0F       		.byte	15
 555 020e C2       		.byte	-62
 556 020f 0D       		.byte	13
 557 0210 C4       		.byte	-60
 558 0211 0F       		.byte	15
 559 0212 CA       		.byte	-54
 560 0213 09       		.byte	9
 561 0214 CC       		.byte	-52
 562 0215 0F       		.byte	15
 563 0216 CE       		.byte	-50
 564 0217 0F       		.byte	15
 565 0218 D0       		.byte	-48
 566 0219 0F       		.byte	15
 567 021a D2       		.byte	-46
 568 021b 08       		.byte	8
 569 021c D6       		.byte	-42
 570 021d F0       		.byte	-16
ARM GAS  C:\Users\andre\AppData\Local\Temp\ccpiXrJg.s 			page 11


 571 021e D8       		.byte	-40
 572 021f 14       		.byte	20
 573 0220 EE       		.byte	-18
 574 0221 80       		.byte	-128
 575 0222 AA       		.byte	-86
 576 0223 12       		.byte	18
 577 0224 AC       		.byte	-84
 578 0225 08       		.byte	8
 579 0226 B1       		.byte	-79
 580 0227 20       		.byte	32
 581 0228 E8       		.byte	-24
 582 0229 20       		.byte	32
 583 022a E0       		.byte	-32
 584 022b 80       		.byte	-128
 585 022c E0       		.byte	-32
 586 022d 08       		.byte	8
 587 022e E4       		.byte	-28
 588 022f 01       		.byte	1
 589 0230 EA       		.byte	-22
 590 0231 01       		.byte	1
 591 0232 EC       		.byte	-20
 592 0233 10       		.byte	16
 593 0234 E6       		.byte	-26
 594 0235 0C       		.byte	12
 595 0236 E6       		.byte	-26
 596 0237 0C       		.byte	12
 597 0238 E0       		.byte	-32
 598 0239 08       		.byte	8
 599 023a E4       		.byte	-28
 600 023b 01       		.byte	1
 601 023c EA       		.byte	-22
 602 023d 01       		.byte	1
 603 023e EC       		.byte	-20
 604 023f 10       		.byte	16
 605 0240 30       		.byte	48
 606 0241 20       		.byte	32
 607 0242 82       		.byte	-126
 608 0243 01       		.byte	1
 609 0244 8B       		.byte	-117
 610 0245 01       		.byte	1
 611 0246 CC       		.byte	-52
 612 0247 10       		.byte	16
 613 0248 E2       		.byte	-30
 614 0249 20       		.byte	32
 615 024a 03       		.byte	3
 616 024b 80       		.byte	-128
 617 024c 5F       		.byte	95
 618 024d 08       		.byte	8
 619 024e 66       		.byte	102
 620 024f 01       		.byte	1
 621 0250 9A       		.byte	-102
 622 0251 01       		.byte	1
 623 0252 9B       		.byte	-101
 624 0253 08       		.byte	8
 625 0254 A3       		.byte	-93
 626 0255 01       		.byte	1
 627 0256 A4       		.byte	-92
ARM GAS  C:\Users\andre\AppData\Local\Temp\ccpiXrJg.s 			page 12


 628 0257 20       		.byte	32
 629 0258 B3       		.byte	-77
 630 0259 08       		.byte	8
 631 025a C0       		.byte	-64
 632 025b 10       		.byte	16
 633 025c D6       		.byte	-42
 634 025d 80       		.byte	-128
 635 025e D8       		.byte	-40
 636 025f 80       		.byte	-128
 637 0260 10       		.byte	16
 638 0261 20       		.byte	32
 639 0262 3E       		.byte	62
 640 0263 10       		.byte	16
 641 0264 63       		.byte	99
 642 0265 02       		.byte	2
 643 0266 A3       		.byte	-93
 644 0267 01       		.byte	1
 645 0268 A4       		.byte	-92
 646 0269 20       		.byte	32
 647 026a AF       		.byte	-81
 648 026b 80       		.byte	-128
 649 026c C4       		.byte	-60
 650 026d 10       		.byte	16
 651 026e CE       		.byte	-50
 652 026f 20       		.byte	32
 653 0270 D6       		.byte	-42
 654 0271 40       		.byte	64
 655 0272 EC       		.byte	-20
 656 0273 10       		.byte	16
 657 0274 96       		.byte	-106
 658 0275 10       		.byte	16
 659 0276 7F       		.byte	127
 660 0277 80       		.byte	-128
 661 0278 8B       		.byte	-117
 662 0279 80       		.byte	-128
 663 027a DE       		.byte	-34
 664 027b 01       		.byte	1
 665 027c E0       		.byte	-32
 666 027d 01       		.byte	1
 667 027e 53       		.byte	83
 668 027f 10       		.byte	16
 669 0280 D4       		.byte	-44
 670 0281 04       		.byte	4
 671 0282 45       		.byte	69
 672 0283 08       		.byte	8
 673 0284 B3       		.byte	-77
 674 0285 10       		.byte	16
 675 0286 D0       		.byte	-48
 676 0287 01       		.byte	1
 677 0288 E8       		.byte	-24
 678 0289 04       		.byte	4
 679 028a A5       		.byte	-91
 680 028b 08       		.byte	8
 681 028c 25       		.byte	37
 682 028d 10       		.byte	16
 683 028e 80       		.byte	-128
 684 028f 01       		.byte	1
ARM GAS  C:\Users\andre\AppData\Local\Temp\ccpiXrJg.s 			page 13


 685 0290 85       		.byte	-123
 686 0291 08       		.byte	8
 687 0292 96       		.byte	-106
 688 0293 10       		.byte	16
 689 0294 C8       		.byte	-56
 690 0295 20       		.byte	32
 691 0296 E6       		.byte	-26
 692 0297 30       		.byte	48
 693 0298 12       		.byte	18
 694 0299 20       		.byte	32
 695 029a 16       		.byte	22
 696 029b 40       		.byte	64
 697 029c 70       		.byte	112
 698 029d 01       		.byte	1
 699 029e 75       		.byte	117
 700 029f 08       		.byte	8
 701 02a0 82       		.byte	-126
 702 02a1 20       		.byte	32
 703 02a2 86       		.byte	-122
 704 02a3 40       		.byte	64
 705 02a4 90       		.byte	-112
 706 02a5 02       		.byte	2
 707 02a6 99       		.byte	-103
 708 02a7 08       		.byte	8
 709 02a8 AA       		.byte	-86
 710 02a9 10       		.byte	16
 711 02aa B5       		.byte	-75
 712 02ab 10       		.byte	16
 713 02ac C4       		.byte	-60
 714 02ad 30       		.byte	48
 715 02ae DC       		.byte	-36
 716 02af 80       		.byte	-128
 717 02b0 DE       		.byte	-34
 718 02b1 20       		.byte	32
 719 02b2 E0       		.byte	-32
 720 02b3 10       		.byte	16
 721 02b4 E4       		.byte	-28
 722 02b5 80       		.byte	-128
 723 02b6 EA       		.byte	-22
 724 02b7 80       		.byte	-128
 725 02b8 12       		.byte	18
 726 02b9 80       		.byte	-128
 727 02ba 13       		.byte	19
 728 02bb 20       		.byte	32
 729 02bc 14       		.byte	20
 730 02bd 40       		.byte	64
 731 02be 7B       		.byte	123
 732 02bf 10       		.byte	16
 733 02c0 7F       		.byte	127
 734 02c1 40       		.byte	64
 735 02c2 82       		.byte	-126
 736 02c3 80       		.byte	-128
 737 02c4 84       		.byte	-124
 738 02c5 40       		.byte	64
 739 02c6 A5       		.byte	-91
 740 02c7 08       		.byte	8
 741 02c8 C4       		.byte	-60
ARM GAS  C:\Users\andre\AppData\Local\Temp\ccpiXrJg.s 			page 14


 742 02c9 0E       		.byte	14
 743 02ca DE       		.byte	-34
 744 02cb 03       		.byte	3
 745 02cc 83       		.byte	-125
 746 02cd 10       		.byte	16
 747 02ce 87       		.byte	-121
 748 02cf 40       		.byte	64
 749 02d0 97       		.byte	-105
 750 02d1 80       		.byte	-128
 751 02d2 A7       		.byte	-89
 752 02d3 10       		.byte	16
 753 02d4 AB       		.byte	-85
 754 02d5 20       		.byte	32
 755 02d6 B5       		.byte	-75
 756 02d7 08       		.byte	8
 757 02d8 EC       		.byte	-20
 758 02d9 08       		.byte	8
 759 02da 00       		.byte	0
 760 02db 06       		.byte	6
 761 02dc 08       		.byte	8
 762 02dd 06       		.byte	6
 763 02de 00       		.byte	0
 764 02df 02       		.byte	2
 765 02e0 03       		.byte	3
 766 02e1 C0       		.byte	-64
 767 02e2 00       		.byte	0
 768 02e3 00       		.byte	0
 769 02e4 84       		.byte	-124
 770 02e5 02       		.byte	2
 771 02e6 00       		.byte	0
 772 02e7 00       		.byte	0
 773 02e8 04       		.byte	4
 774 02e9 21       		.byte	33
 775 02ea 00       		.byte	0
 776 02eb D8       		.byte	-40
 777 02ec 01       		.byte	1
 778 02ed 38       		.byte	56
 779 02ee 00       		.byte	0
 780 02ef C0       		.byte	-64
 781 02f0 56       		.byte	86
 782 02f1 98       		.byte	-104
 783 02f2 09       		.byte	9
 784 02f3 02       		.byte	2
 785 02f4 60       		.byte	96
 786 02f5 FC       		.byte	-4
 787 02f6 00       		.byte	0
 788 02f7 03       		.byte	3
 789 02f8 0A       		.byte	10
 790 02f9 02       		.byte	2
 791 02fa 10       		.byte	16
 792 02fb 98       		.byte	-104
 793 02fc 00       		.byte	0
 794 02fd 98       		.byte	-104
 795 02fe 00       		.byte	0
 796 02ff 02       		.byte	2
 797 0300 84       		.byte	-124
 798 0301 13       		.byte	19
ARM GAS  C:\Users\andre\AppData\Local\Temp\ccpiXrJg.s 			page 15


 799 0302 00       		.byte	0
 800 0303 64       		.byte	100
 801 0304 07       		.byte	7
 802 0305 9A       		.byte	-102
 803 0306 38       		.byte	56
 804 0307 00       		.byte	0
 805 0308 84       		.byte	-124
 806 0309 00       		.byte	0
 807 030a 00       		.byte	0
 808 030b 00       		.byte	0
 809 030c 80       		.byte	-128
 810 030d 00       		.byte	0
 811 030e 04       		.byte	4
 812 030f 00       		.byte	0
 813 0310 04       		.byte	4
 814 0311 9A       		.byte	-102
 815 0312 80       		.byte	-128
 816 0313 00       		.byte	0
 817 0314 08       		.byte	8
 818 0315 00       		.byte	0
 819 0316 02       		.byte	2
 820 0317 0F       		.byte	15
 821 0318 7F       		.byte	127
 822 0319 E0       		.byte	-32
 823 031a 80       		.byte	-128
 824 031b 13       		.byte	19
 825 031c 20       		.byte	32
 826 031d 00       		.byte	0
 827 031e 00       		.byte	0
 828 031f 28       		.byte	40
 829 0320 00       		.byte	0
 830 0321 00       		.byte	0
 831 0322 45       		.byte	69
 832 0323 00       		.byte	0
 833 0324 34       		.byte	52
 834 0325 05       		.byte	5
 835 0326 10       		.byte	16
 836 0327 00       		.byte	0
 837 0328 02       		.byte	2
 838 0329 0E       		.byte	14
 839 032a FB       		.byte	-5
 840 032b CD       		.byte	-51
 841 032c 3D       		.byte	61
 842 032d FF       		.byte	-1
 843 032e FF       		.byte	-1
 844 032f FF       		.byte	-1
 845 0330 22       		.byte	34
 846 0331 00       		.byte	0
 847 0332 F0       		.byte	-16
 848 0333 08       		.byte	8
 849 0334 04       		.byte	4
 850 0335 00       		.byte	0
 851 0336 00       		.byte	0
 852 0337 00       		.byte	0
 853 0338 00       		.byte	0
 854 0339 00       		.byte	0
 855 033a 02       		.byte	2
ARM GAS  C:\Users\andre\AppData\Local\Temp\ccpiXrJg.s 			page 16


 856 033b 24       		.byte	36
 857 033c 04       		.byte	4
 858 033d 04       		.byte	4
 859 033e 04       		.byte	4
 860 033f 04       		.byte	4
 861 0340 22       		.byte	34
 862 0341 22       		.byte	34
 863 0342 00       		.byte	0
 864 0343 01       		.byte	1
 865 0344 00       		.byte	0
 866 0345 00       		.byte	0
 867 0346 C0       		.byte	-64
 868 0347 00       		.byte	0
 869 0348 40       		.byte	64
 870 0349 01       		.byte	1
 871 034a 10       		.byte	16
 872 034b 11       		.byte	17
 873 034c C0       		.byte	-64
 874 034d 01       		.byte	1
 875 034e 00       		.byte	0
 876 034f 11       		.byte	17
 877 0350 40       		.byte	64
 878 0351 01       		.byte	1
 879 0352 40       		.byte	64
 880 0353 01       		.byte	1
 881 0354 00       		.byte	0
 882 0355 00       		.byte	0
 883 0356 00       		.byte	0
 884 0357 00       		.byte	0
 885 0358 00       		.byte	0
 886 0359 00       		.byte	0
 887 035a 00       		.byte	0
 888 035b 00       		.byte	0
 889 035c 00       		.byte	0
 890 035d 00       		.byte	0
 891 035e 00       		.byte	0
 892 035f 00       		.byte	0
 893 0360 00       		.byte	0
 894 0361 00       		.byte	0
 895 0362 00       		.byte	0
 896 0363 00       		.byte	0
 897 0364 01       		.byte	1
 898 0365 C0       		.byte	-64
 899 0366 C0       		.byte	-64
 900 0367 00       		.byte	0
 901 0368 C0       		.byte	-64
 902 0369 00       		.byte	0
 903 036a 00       		.byte	0
 904 036b 00       		.byte	0
 905 036c 83       		.byte	-125
 906 036d 00       		.byte	0
 907 036e 00       		.byte	0
 908 036f 80       		.byte	-128
 909 0370 83       		.byte	-125
 910 0371 00       		.byte	0
 911 0372 03       		.byte	3
 912 0373 00       		.byte	0
ARM GAS  C:\Users\andre\AppData\Local\Temp\ccpiXrJg.s 			page 17


 913 0374 00       		.byte	0
 914 0375 00       		.byte	0
 915 0376 00       		.byte	0
 916 0377 00       		.byte	0
 917 0378 00       		.byte	0
 918 0379 0B       		.byte	11
 919 037a 0B       		.byte	11
 920 037b 00       		.byte	0
 921 037c 00       		.byte	0
 922 037d 00       		.byte	0
 923 037e 80       		.byte	-128
 924 037f 00       		.byte	0
 925 0380 00       		.byte	0
 926 0381 0B       		.byte	11
 927 0382 0B       		.byte	11
 928 0383 00       		.byte	0
 929 0384 01       		.byte	1
 930 0385 00       		.byte	0
 931 0386 00       		.byte	0
 932 0387 00       		.byte	0
 933 0388 95       		.byte	-107
 934 0389 00       		.byte	0
 935 038a 18       		.byte	24
 936 038b 01       		.byte	1
 937              		.section	.cywolatch,"a",%progbits
 938              		.align	2
 939              		.type	cy_meta_wonvl, %object
 940              		.size	cy_meta_wonvl, 4
 941              	cy_meta_wonvl:
 942 0000 BC       		.byte	-68
 943 0001 90       		.byte	-112
 944 0002 AC       		.byte	-84
 945 0003 AF       		.byte	-81
 946              		.section	.cycustnvl,"a",%progbits
 947              		.align	2
 948              		.type	cy_meta_custnvl, %object
 949              		.size	cy_meta_custnvl, 4
 950              	cy_meta_custnvl:
 951 0000 00       		.byte	0
 952 0001 00       		.byte	0
 953 0002 40       		.byte	64
 954 0003 05       		.byte	5
 955              		.section	.cymeta,"a",%progbits
 956              		.align	2
 957              		.type	cy_metadata, %object
 958              		.size	cy_metadata, 12
 959              	cy_metadata:
 960 0000 00       		.byte	0
 961 0001 01       		.byte	1
 962 0002 2E       		.byte	46
 963 0003 16       		.byte	22
 964 0004 10       		.byte	16
 965 0005 69       		.byte	105
 966 0006 00       		.byte	0
 967 0007 01       		.byte	1
 968 0008 00       		.byte	0
 969 0009 00       		.byte	0
ARM GAS  C:\Users\andre\AppData\Local\Temp\ccpiXrJg.s 			page 18


 970 000a 00       		.byte	0
 971 000b 00       		.byte	0
 972              		.section	.cyflashprotect,"a",%progbits
 973              		.align	2
 974              		.type	cy_meta_flashprotect, %object
 975              		.size	cy_meta_flashprotect, 256
 976              	cy_meta_flashprotect:
 977 0000 00000000 		.space	256
 977      00000000 
 977      00000000 
 977      00000000 
 977      00000000 
 978              		.text
 979              	.Letext0:
 980              		.file 1 "c:\\program files (x86)\\cypress\\psoc creator\\4.2\\psoc creator\\import\\gnu\\arm\\5.4.
 981              		.file 2 "c:\\program files (x86)\\cypress\\psoc creator\\4.2\\psoc creator\\import\\gnu\\arm\\5.4.
 982              		.file 3 "Generated_Source\\PSoC5\\cymetadata.c"
 983              		.section	.debug_info,"",%progbits
 984              	.Ldebug_info0:
 985 0000 31010000 		.4byte	0x131
 986 0004 0400     		.2byte	0x4
 987 0006 00000000 		.4byte	.Ldebug_abbrev0
 988 000a 04       		.byte	0x4
 989 000b 01       		.uleb128 0x1
 990 000c 66000000 		.4byte	.LASF17
 991 0010 0C       		.byte	0xc
 992 0011 C0010000 		.4byte	.LASF18
 993 0015 0A000000 		.4byte	.LASF19
 994 0019 00000000 		.4byte	.Ldebug_line0
 995 001d 02       		.uleb128 0x2
 996 001e 01       		.byte	0x1
 997 001f 06       		.byte	0x6
 998 0020 B4010000 		.4byte	.LASF0
 999 0024 03       		.uleb128 0x3
 1000 0025 00000000 		.4byte	.LASF9
 1001 0029 01       		.byte	0x1
 1002 002a 1D       		.byte	0x1d
 1003 002b 2F000000 		.4byte	0x2f
 1004 002f 02       		.uleb128 0x2
 1005 0030 01       		.byte	0x1
 1006 0031 08       		.byte	0x8
 1007 0032 58000000 		.4byte	.LASF1
 1008 0036 02       		.uleb128 0x2
 1009 0037 02       		.byte	0x2
 1010 0038 05       		.byte	0x5
 1011 0039 A1010000 		.4byte	.LASF2
 1012 003d 02       		.uleb128 0x2
 1013 003e 02       		.byte	0x2
 1014 003f 07       		.byte	0x7
 1015 0040 06010000 		.4byte	.LASF3
 1016 0044 02       		.uleb128 0x2
 1017 0045 04       		.byte	0x4
 1018 0046 05       		.byte	0x5
 1019 0047 AB010000 		.4byte	.LASF4
 1020 004b 02       		.uleb128 0x2
 1021 004c 04       		.byte	0x4
 1022 004d 07       		.byte	0x7
ARM GAS  C:\Users\andre\AppData\Local\Temp\ccpiXrJg.s 			page 19


 1023 004e F4000000 		.4byte	.LASF5
 1024 0052 02       		.uleb128 0x2
 1025 0053 08       		.byte	0x8
 1026 0054 05       		.byte	0x5
 1027 0055 93010000 		.4byte	.LASF6
 1028 0059 02       		.uleb128 0x2
 1029 005a 08       		.byte	0x8
 1030 005b 07       		.byte	0x7
 1031 005c 48010000 		.4byte	.LASF7
 1032 0060 04       		.uleb128 0x4
 1033 0061 04       		.byte	0x4
 1034 0062 05       		.byte	0x5
 1035 0063 696E7400 		.ascii	"int\000"
 1036 0067 02       		.uleb128 0x2
 1037 0068 04       		.byte	0x4
 1038 0069 07       		.byte	0x7
 1039 006a 3B010000 		.4byte	.LASF8
 1040 006e 03       		.uleb128 0x3
 1041 006f 5F010000 		.4byte	.LASF10
 1042 0073 02       		.byte	0x2
 1043 0074 18       		.byte	0x18
 1044 0075 24000000 		.4byte	0x24
 1045 0079 05       		.uleb128 0x5
 1046 007a 91000000 		.4byte	0x91
 1047 007e 8A000000 		.4byte	0x8a
 1048 0082 06       		.uleb128 0x6
 1049 0083 8A000000 		.4byte	0x8a
 1050 0087 8B03     		.2byte	0x38b
 1051 0089 00       		.byte	0
 1052 008a 02       		.uleb128 0x2
 1053 008b 04       		.byte	0x4
 1054 008c 07       		.byte	0x7
 1055 008d 8A010000 		.4byte	.LASF11
 1056 0091 07       		.uleb128 0x7
 1057 0092 6E000000 		.4byte	0x6e
 1058 0096 08       		.uleb128 0x8
 1059 0097 29010000 		.4byte	.LASF12
 1060 009b 03       		.byte	0x3
 1061 009c 1F       		.byte	0x1f
 1062 009d A7000000 		.4byte	0xa7
 1063 00a1 05       		.uleb128 0x5
 1064 00a2 03       		.byte	0x3
 1065 00a3 00000000 		.4byte	cy_meta_configecc
 1066 00a7 07       		.uleb128 0x7
 1067 00a8 79000000 		.4byte	0x79
 1068 00ac 05       		.uleb128 0x5
 1069 00ad 91000000 		.4byte	0x91
 1070 00b1 BC000000 		.4byte	0xbc
 1071 00b5 09       		.uleb128 0x9
 1072 00b6 8A000000 		.4byte	0x8a
 1073 00ba 03       		.byte	0x3
 1074 00bb 00       		.byte	0
 1075 00bc 08       		.uleb128 0x8
 1076 00bd 19010000 		.4byte	.LASF13
 1077 00c1 03       		.byte	0x3
 1078 00c2 9E       		.byte	0x9e
 1079 00c3 CD000000 		.4byte	0xcd
ARM GAS  C:\Users\andre\AppData\Local\Temp\ccpiXrJg.s 			page 20


 1080 00c7 05       		.uleb128 0x5
 1081 00c8 03       		.byte	0x3
 1082 00c9 00000000 		.4byte	cy_meta_custnvl
 1083 00cd 07       		.uleb128 0x7
 1084 00ce AC000000 		.4byte	0xac
 1085 00d2 08       		.uleb128 0x8
 1086 00d3 7C010000 		.4byte	.LASF14
 1087 00d7 03       		.byte	0x3
 1088 00d8 AC       		.byte	0xac
 1089 00d9 E3000000 		.4byte	0xe3
 1090 00dd 05       		.uleb128 0x5
 1091 00de 03       		.byte	0x3
 1092 00df 00000000 		.4byte	cy_meta_wonvl
 1093 00e3 07       		.uleb128 0x7
 1094 00e4 AC000000 		.4byte	0xac
 1095 00e8 05       		.uleb128 0x5
 1096 00e9 91000000 		.4byte	0x91
 1097 00ed F8000000 		.4byte	0xf8
 1098 00f1 09       		.uleb128 0x9
 1099 00f2 8A000000 		.4byte	0x8a
 1100 00f6 FF       		.byte	0xff
 1101 00f7 00       		.byte	0
 1102 00f8 08       		.uleb128 0x8
 1103 00f9 67010000 		.4byte	.LASF15
 1104 00fd 03       		.byte	0x3
 1105 00fe BA       		.byte	0xba
 1106 00ff 09010000 		.4byte	0x109
 1107 0103 05       		.uleb128 0x5
 1108 0104 03       		.byte	0x3
 1109 0105 00000000 		.4byte	cy_meta_flashprotect
 1110 0109 07       		.uleb128 0x7
 1111 010a E8000000 		.4byte	0xe8
 1112 010e 05       		.uleb128 0x5
 1113 010f 91000000 		.4byte	0x91
 1114 0113 1E010000 		.4byte	0x11e
 1115 0117 09       		.uleb128 0x9
 1116 0118 8A000000 		.4byte	0x8a
 1117 011c 0B       		.byte	0xb
 1118 011d 00       		.byte	0
 1119 011e 08       		.uleb128 0x8
 1120 011f 4C000000 		.4byte	.LASF16
 1121 0123 03       		.byte	0x3
 1122 0124 E7       		.byte	0xe7
 1123 0125 2F010000 		.4byte	0x12f
 1124 0129 05       		.uleb128 0x5
 1125 012a 03       		.byte	0x3
 1126 012b 00000000 		.4byte	cy_metadata
 1127 012f 07       		.uleb128 0x7
 1128 0130 0E010000 		.4byte	0x10e
 1129 0134 00       		.byte	0
 1130              		.section	.debug_abbrev,"",%progbits
 1131              	.Ldebug_abbrev0:
 1132 0000 01       		.uleb128 0x1
 1133 0001 11       		.uleb128 0x11
 1134 0002 01       		.byte	0x1
 1135 0003 25       		.uleb128 0x25
 1136 0004 0E       		.uleb128 0xe
ARM GAS  C:\Users\andre\AppData\Local\Temp\ccpiXrJg.s 			page 21


 1137 0005 13       		.uleb128 0x13
 1138 0006 0B       		.uleb128 0xb
 1139 0007 03       		.uleb128 0x3
 1140 0008 0E       		.uleb128 0xe
 1141 0009 1B       		.uleb128 0x1b
 1142 000a 0E       		.uleb128 0xe
 1143 000b 10       		.uleb128 0x10
 1144 000c 17       		.uleb128 0x17
 1145 000d 00       		.byte	0
 1146 000e 00       		.byte	0
 1147 000f 02       		.uleb128 0x2
 1148 0010 24       		.uleb128 0x24
 1149 0011 00       		.byte	0
 1150 0012 0B       		.uleb128 0xb
 1151 0013 0B       		.uleb128 0xb
 1152 0014 3E       		.uleb128 0x3e
 1153 0015 0B       		.uleb128 0xb
 1154 0016 03       		.uleb128 0x3
 1155 0017 0E       		.uleb128 0xe
 1156 0018 00       		.byte	0
 1157 0019 00       		.byte	0
 1158 001a 03       		.uleb128 0x3
 1159 001b 16       		.uleb128 0x16
 1160 001c 00       		.byte	0
 1161 001d 03       		.uleb128 0x3
 1162 001e 0E       		.uleb128 0xe
 1163 001f 3A       		.uleb128 0x3a
 1164 0020 0B       		.uleb128 0xb
 1165 0021 3B       		.uleb128 0x3b
 1166 0022 0B       		.uleb128 0xb
 1167 0023 49       		.uleb128 0x49
 1168 0024 13       		.uleb128 0x13
 1169 0025 00       		.byte	0
 1170 0026 00       		.byte	0
 1171 0027 04       		.uleb128 0x4
 1172 0028 24       		.uleb128 0x24
 1173 0029 00       		.byte	0
 1174 002a 0B       		.uleb128 0xb
 1175 002b 0B       		.uleb128 0xb
 1176 002c 3E       		.uleb128 0x3e
 1177 002d 0B       		.uleb128 0xb
 1178 002e 03       		.uleb128 0x3
 1179 002f 08       		.uleb128 0x8
 1180 0030 00       		.byte	0
 1181 0031 00       		.byte	0
 1182 0032 05       		.uleb128 0x5
 1183 0033 01       		.uleb128 0x1
 1184 0034 01       		.byte	0x1
 1185 0035 49       		.uleb128 0x49
 1186 0036 13       		.uleb128 0x13
 1187 0037 01       		.uleb128 0x1
 1188 0038 13       		.uleb128 0x13
 1189 0039 00       		.byte	0
 1190 003a 00       		.byte	0
 1191 003b 06       		.uleb128 0x6
 1192 003c 21       		.uleb128 0x21
 1193 003d 00       		.byte	0
ARM GAS  C:\Users\andre\AppData\Local\Temp\ccpiXrJg.s 			page 22


 1194 003e 49       		.uleb128 0x49
 1195 003f 13       		.uleb128 0x13
 1196 0040 2F       		.uleb128 0x2f
 1197 0041 05       		.uleb128 0x5
 1198 0042 00       		.byte	0
 1199 0043 00       		.byte	0
 1200 0044 07       		.uleb128 0x7
 1201 0045 26       		.uleb128 0x26
 1202 0046 00       		.byte	0
 1203 0047 49       		.uleb128 0x49
 1204 0048 13       		.uleb128 0x13
 1205 0049 00       		.byte	0
 1206 004a 00       		.byte	0
 1207 004b 08       		.uleb128 0x8
 1208 004c 34       		.uleb128 0x34
 1209 004d 00       		.byte	0
 1210 004e 03       		.uleb128 0x3
 1211 004f 0E       		.uleb128 0xe
 1212 0050 3A       		.uleb128 0x3a
 1213 0051 0B       		.uleb128 0xb
 1214 0052 3B       		.uleb128 0x3b
 1215 0053 0B       		.uleb128 0xb
 1216 0054 49       		.uleb128 0x49
 1217 0055 13       		.uleb128 0x13
 1218 0056 3F       		.uleb128 0x3f
 1219 0057 19       		.uleb128 0x19
 1220 0058 02       		.uleb128 0x2
 1221 0059 18       		.uleb128 0x18
 1222 005a 00       		.byte	0
 1223 005b 00       		.byte	0
 1224 005c 09       		.uleb128 0x9
 1225 005d 21       		.uleb128 0x21
 1226 005e 00       		.byte	0
 1227 005f 49       		.uleb128 0x49
 1228 0060 13       		.uleb128 0x13
 1229 0061 2F       		.uleb128 0x2f
 1230 0062 0B       		.uleb128 0xb
 1231 0063 00       		.byte	0
 1232 0064 00       		.byte	0
 1233 0065 00       		.byte	0
 1234              		.section	.debug_aranges,"",%progbits
 1235 0000 14000000 		.4byte	0x14
 1236 0004 0200     		.2byte	0x2
 1237 0006 00000000 		.4byte	.Ldebug_info0
 1238 000a 04       		.byte	0x4
 1239 000b 00       		.byte	0
 1240 000c 0000     		.2byte	0
 1241 000e 0000     		.2byte	0
 1242 0010 00000000 		.4byte	0
 1243 0014 00000000 		.4byte	0
 1244              		.section	.debug_line,"",%progbits
 1245              	.Ldebug_line0:
 1246 0000 3D010000 		.section	.debug_str,"MS",%progbits,1
 1246      02003701 
 1246      00000201 
 1246      FB0E0D00 
 1246      01010101 
ARM GAS  C:\Users\andre\AppData\Local\Temp\ccpiXrJg.s 			page 23


 1247              	.LASF9:
 1248 0000 5F5F7569 		.ascii	"__uint8_t\000"
 1248      6E74385F 
 1248      7400
 1249              	.LASF19:
 1250 000a 433A5C55 		.ascii	"C:\\Users\\andre\\Documents\\PSoC Creator\\NixieBen"
 1250      73657273 
 1250      5C616E64 
 1250      72655C44 
 1250      6F63756D 
 1251 0038 63685C4E 		.ascii	"ch\\NixieClock.cydsn\000"
 1251      69786965 
 1251      436C6F63 
 1251      6B2E6379 
 1251      64736E00 
 1252              	.LASF16:
 1253 004c 63795F6D 		.ascii	"cy_metadata\000"
 1253      65746164 
 1253      61746100 
 1254              	.LASF1:
 1255 0058 756E7369 		.ascii	"unsigned char\000"
 1255      676E6564 
 1255      20636861 
 1255      7200
 1256              	.LASF17:
 1257 0066 474E5520 		.ascii	"GNU C11 5.4.1 20160609 (release) [ARM/embedded-5-br"
 1257      43313120 
 1257      352E342E 
 1257      31203230 
 1257      31363036 
 1258 0099 616E6368 		.ascii	"anch revision 237715] -mcpu=cortex-m3 -mthumb -g -O"
 1258      20726576 
 1258      6973696F 
 1258      6E203233 
 1258      37373135 
 1259 00cc 67202D66 		.ascii	"g -ffunction-sections -ffat-lto-objects\000"
 1259      66756E63 
 1259      74696F6E 
 1259      2D736563 
 1259      74696F6E 
 1260              	.LASF5:
 1261 00f4 6C6F6E67 		.ascii	"long unsigned int\000"
 1261      20756E73 
 1261      69676E65 
 1261      6420696E 
 1261      7400
 1262              	.LASF3:
 1263 0106 73686F72 		.ascii	"short unsigned int\000"
 1263      7420756E 
 1263      7369676E 
 1263      65642069 
 1263      6E7400
 1264              	.LASF13:
 1265 0119 63795F6D 		.ascii	"cy_meta_custnvl\000"
 1265      6574615F 
 1265      63757374 
 1265      6E766C00 
ARM GAS  C:\Users\andre\AppData\Local\Temp\ccpiXrJg.s 			page 24


 1266              	.LASF12:
 1267 0129 63795F6D 		.ascii	"cy_meta_configecc\000"
 1267      6574615F 
 1267      636F6E66 
 1267      69676563 
 1267      6300
 1268              	.LASF8:
 1269 013b 756E7369 		.ascii	"unsigned int\000"
 1269      676E6564 
 1269      20696E74 
 1269      00
 1270              	.LASF7:
 1271 0148 6C6F6E67 		.ascii	"long long unsigned int\000"
 1271      206C6F6E 
 1271      6720756E 
 1271      7369676E 
 1271      65642069 
 1272              	.LASF10:
 1273 015f 75696E74 		.ascii	"uint8_t\000"
 1273      385F7400 
 1274              	.LASF15:
 1275 0167 63795F6D 		.ascii	"cy_meta_flashprotect\000"
 1275      6574615F 
 1275      666C6173 
 1275      6870726F 
 1275      74656374 
 1276              	.LASF14:
 1277 017c 63795F6D 		.ascii	"cy_meta_wonvl\000"
 1277      6574615F 
 1277      776F6E76 
 1277      6C00
 1278              	.LASF11:
 1279 018a 73697A65 		.ascii	"sizetype\000"
 1279      74797065 
 1279      00
 1280              	.LASF6:
 1281 0193 6C6F6E67 		.ascii	"long long int\000"
 1281      206C6F6E 
 1281      6720696E 
 1281      7400
 1282              	.LASF2:
 1283 01a1 73686F72 		.ascii	"short int\000"
 1283      7420696E 
 1283      7400
 1284              	.LASF4:
 1285 01ab 6C6F6E67 		.ascii	"long int\000"
 1285      20696E74 
 1285      00
 1286              	.LASF0:
 1287 01b4 7369676E 		.ascii	"signed char\000"
 1287      65642063 
 1287      68617200 
 1288              	.LASF18:
 1289 01c0 47656E65 		.ascii	"Generated_Source\\PSoC5\\cymetadata.c\000"
 1289      72617465 
 1289      645F536F 
 1289      75726365 
ARM GAS  C:\Users\andre\AppData\Local\Temp\ccpiXrJg.s 			page 25


 1289      5C50536F 
 1290              		.ident	"GCC: (GNU Tools for ARM Embedded Processors) 5.4.1 20160609 (release) [ARM/embedded-5-bran
